\BOOKMARK [0][-]{chapter.1}{\376\377\000D\000a\000t\000o\000s\000\040\000d\000e\000l\000\040\000T\000F\000G}{}% 1
\BOOKMARK [1][-]{section.1.1}{\376\377\000T\000\355\000t\000u\000l\000o}{chapter.1}% 2
\BOOKMARK [1][-]{section.1.2}{\376\377\000T\000i\000p\000o\000\040\000d\000e\000\040\000T\000F\000G}{chapter.1}% 3
\BOOKMARK [1][-]{section.1.3}{\376\377\000D\000a\000t\000o\000s\000\040\000g\000e\000n\000e\000r\000a\000l\000e\000s}{chapter.1}% 4
\BOOKMARK [0][-]{chapter.2}{\376\377\000I\000n\000t\000r\000o\000d\000u\000c\000c\000i\000\363\000n}{}% 5
\BOOKMARK [0][-]{chapter.3}{\376\377\000A\000n\000t\000e\000c\000e\000d\000e\000n\000t\000e\000s}{}% 6
\BOOKMARK [0][-]{chapter.4}{\376\377\000O\000b\000j\000e\000t\000i\000v\000o\000s}{}% 7
\BOOKMARK [1][-]{section.4.1}{\376\377\000O\000b\000j\000e\000t\000i\000v\000o\000\040\000g\000e\000n\000e\000r\000a\000l}{chapter.4}% 8
\BOOKMARK [1][-]{section.4.2}{\376\377\000O\000b\000j\000e\000t\000i\000v\000o\000s\000\040\000e\000s\000p\000e\000c\000\355\000f\000i\000c\000o\000s}{chapter.4}% 9
\BOOKMARK [0][-]{chapter.5}{\376\377\000A\000n\000\341\000l\000i\000s\000i\000s\000\040\000d\000e\000l\000\040\000s\000i\000s\000t\000e\000m\000a}{}% 10
\BOOKMARK [1][-]{section.5.1}{\376\377\000R\000e\000q\000u\000i\000s\000i\000t\000o\000s\000\040\000f\000u\000n\000c\000i\000o\000n\000a\000l\000e\000s}{chapter.5}% 11
\BOOKMARK [1][-]{section.5.2}{\376\377\000R\000e\000q\000u\000i\000s\000i\000t\000o\000s\000\040\000n\000o\000\040\000f\000u\000n\000c\000i\000o\000n\000a\000l\000e\000s}{chapter.5}% 12
\BOOKMARK [1][-]{section.5.3}{\376\377\000A\000c\000t\000o\000r\000e\000s}{chapter.5}% 13
\BOOKMARK [0][-]{chapter.6}{\376\377\000D\000i\000s\000e\000\361\000o\000\040\000d\000e\000l\000\040\000s\000i\000s\000t\000e\000m\000a}{}% 14
\BOOKMARK [1][-]{section.6.1}{\376\377\000A\000r\000q\000u\000i\000t\000e\000c\000t\000u\000r\000a\000\040\000g\000e\000n\000e\000r\000a\000l}{chapter.6}% 15
\BOOKMARK [1][-]{section.6.2}{\376\377\000M\000o\000d\000e\000l\000o\000\040\000d\000e\000\040\000d\000a\000t\000o\000s}{chapter.6}% 16
\BOOKMARK [1][-]{section.6.3}{\376\377\000C\000a\000s\000o\000s\000\040\000d\000e\000\040\000u\000s\000o}{chapter.6}% 17
\BOOKMARK [1][-]{section.6.4}{\376\377\000D\000i\000s\000e\000\361\000o\000\040\000d\000e\000\040\000i\000n\000t\000e\000r\000f\000a\000z}{chapter.6}% 18
\BOOKMARK [0][-]{chapter.7}{\376\377\000I\000m\000p\000l\000e\000m\000e\000n\000t\000a\000c\000i\000\363\000n}{}% 19
\BOOKMARK [1][-]{section.7.1}{\376\377\000B\000a\000c\000k\000e\000n\000d}{chapter.7}% 20
\BOOKMARK [1][-]{section.7.2}{\376\377\000F\000r\000o\000n\000t\000e\000n\000d}{chapter.7}% 21
\BOOKMARK [1][-]{section.7.3}{\376\377\000A\000u\000t\000e\000n\000t\000i\000c\000a\000c\000i\000\363\000n}{chapter.7}% 22
\BOOKMARK [1][-]{section.7.4}{\376\377\000P\000l\000a\000n\000\040\000i\000n\000t\000e\000l\000i\000g\000e\000n\000t\000e}{chapter.7}% 23
\BOOKMARK [0][-]{chapter.8}{\376\377\000P\000r\000u\000e\000b\000a\000s}{}% 24
\BOOKMARK [1][-]{section.8.1}{\376\377\000P\000r\000u\000e\000b\000a\000s\000\040\000f\000u\000n\000c\000i\000o\000n\000a\000l\000e\000s}{chapter.8}% 25
\BOOKMARK [1][-]{section.8.2}{\376\377\000P\000r\000u\000e\000b\000a\000s\000\040\000d\000e\000\040\000i\000n\000t\000e\000g\000r\000a\000c\000i\000\363\000n}{chapter.8}% 26
\BOOKMARK [1][-]{section.8.3}{\376\377\000P\000r\000u\000e\000b\000a\000s\000\040\000d\000e\000\040\000u\000s\000u\000a\000r\000i\000o}{chapter.8}% 27
\BOOKMARK [0][-]{chapter.9}{\376\377\000C\000o\000n\000c\000l\000u\000s\000i\000o\000n\000e\000s}{}% 28
\BOOKMARK [0][-]{chapter.10}{\376\377\000T\000r\000a\000b\000a\000j\000o\000\040\000f\000u\000t\000u\000r\000o}{}% 29
\BOOKMARK [0][-]{chapter.11}{\376\377\000B\000i\000b\000l\000i\000o\000g\000r\000a\000f\000\355\000a}{}% 30
